This file contains any messages produced by compilers while
running configure, to aid debugging if configure makes a mistake.

It was created by elips configure 1.0.14, which was
generated by GNU Autoconf 2.69.  Invocation command line was

  $ ./configure 

## --------- ##
## Platform. ##
## --------- ##

hostname = TakahashinoiMac.local
uname -m = x86_64
uname -r = 19.6.0
uname -s = Darwin
uname -v = Darwin Kernel Version 19.6.0: Mon Aug 31 22:12:52 PDT 2020; root:xnu-6153.141.2~1/RELEASE_X86_64

/usr/bin/uname -p = i386
/bin/uname -X     = unknown

/bin/arch              = unknown
/usr/bin/arch -k       = unknown
/usr/convex/getsysinfo = unknown
/usr/bin/hostinfo      = Mach kernel version:
	 Darwin Kernel Version 19.6.0: Mon Aug 31 22:12:52 PDT 2020; root:xnu-6153.141.2~1/RELEASE_X86_64
Kernel configured for up to 8 processors.
4 processors are physically available.
8 processors are logically available.
Processor type: x86_64h (Intel x86-64h Haswell)
Processors active: 0 1 2 3 4 5 6 7
Primary memory available: 24.00 gigabytes
Default processor set: 453 tasks, 2037 threads, 8 processors
Load average: 0.97, Mach factor: 7.01
/bin/machine           = unknown
/usr/bin/oslevel       = unknown
/bin/universe          = unknown

PATH: /usr/local/bin
PATH: /usr/bin
PATH: /bin
PATH: /usr/sbin
PATH: /sbin
PATH: /Library/Apple/usr/bin


## ----------- ##
## Core tests. ##
## ----------- ##

configure:2509: checking build system type
configure:2523: result: x86_64-apple-darwin19.6.0
configure:2543: checking host system type
configure:2556: result: x86_64-apple-darwin19.6.0
configure:2597: checking how to print strings
configure:2624: result: printf
configure:2696: checking for gcc
configure:2712: found /usr/bin/gcc
configure:2723: result: gcc
configure:2952: checking for C compiler version
configure:2961: gcc --version >&5
Apple clang version 12.0.0 (clang-1200.0.32.2)
Target: x86_64-apple-darwin19.6.0
Thread model: posix
InstalledDir: /Applications/Xcode.app/Contents/Developer/Toolchains/XcodeDefault.xctoolchain/usr/bin
Configured with: --prefix=/Applications/Xcode.app/Contents/Developer/usr --with-gxx-include-dir=/Applications/Xcode.app/Contents/Developer/Platforms/MacOSX.platform/Developer/SDKs/MacOSX.sdk/usr/include/c++/4.2.1
configure:2972: $? = 0
configure:2961: gcc -v >&5
Configured with: --prefix=/Applications/Xcode.app/Contents/Developer/usr --with-gxx-include-dir=/Applications/Xcode.app/Contents/Developer/Platforms/MacOSX.platform/Developer/SDKs/MacOSX.sdk/usr/include/c++/4.2.1
Apple clang version 12.0.0 (clang-1200.0.32.2)
Target: x86_64-apple-darwin19.6.0
Thread model: posix
InstalledDir: /Applications/Xcode.app/Contents/Developer/Toolchains/XcodeDefault.xctoolchain/usr/bin
configure:2972: $? = 0
configure:2961: gcc -V >&5
clang: error: argument to '-V' is missing (expected 1 value)
clang: error: no input files
configure:2972: $? = 1
configure:2961: gcc -qversion >&5
clang: error: unknown argument '-qversion'; did you mean '--version'?
clang: error: no input files
configure:2972: $? = 1
configure:2992: checking whether the C compiler works
configure:3014: gcc    conftest.c  >&5
configure:3018: $? = 0
configure:3066: result: yes
configure:3069: checking for C compiler default output file name
configure:3071: result: a.out
configure:3077: checking for suffix of executables
configure:3084: gcc -o conftest    conftest.c  >&5
configure:3088: $? = 0
configure:3110: result: 
configure:3132: checking whether we are cross compiling
configure:3140: gcc -o conftest    conftest.c  >&5
configure:3144: $? = 0
configure:3151: ./conftest
configure:3155: $? = 0
configure:3170: result: no
configure:3175: checking for suffix of object files
configure:3197: gcc -c   conftest.c >&5
configure:3201: $? = 0
configure:3222: result: o
configure:3226: checking whether we are using the GNU C compiler
configure:3245: gcc -c   conftest.c >&5
configure:3245: $? = 0
configure:3254: result: yes
configure:3263: checking whether gcc accepts -g
configure:3283: gcc -c -g  conftest.c >&5
configure:3283: $? = 0
configure:3324: result: yes
configure:3341: checking for gcc option to accept ISO C89
configure:3404: gcc  -c -g -O2  conftest.c >&5
configure:3404: $? = 0
configure:3417: result: none needed
configure:3442: checking whether gcc understands -c and -o together
configure:3464: gcc -c conftest.c -o conftest2.o
configure:3467: $? = 0
configure:3464: gcc -c conftest.c -o conftest2.o
configure:3467: $? = 0
configure:3479: result: yes
configure:3496: checking for a sed that does not truncate output
configure:3560: result: /usr/bin/sed
configure:3578: checking for grep that handles long lines and -e
configure:3636: result: /usr/bin/grep
configure:3641: checking for egrep
configure:3703: result: /usr/bin/grep -E
configure:3708: checking for fgrep
configure:3770: result: /usr/bin/grep -F
configure:3805: checking for ld used by gcc
configure:3872: result: /Applications/Xcode.app/Contents/Developer/Toolchains/XcodeDefault.xctoolchain/usr/bin/ld
configure:3879: checking if the linker (/Applications/Xcode.app/Contents/Developer/Toolchains/XcodeDefault.xctoolchain/usr/bin/ld) is GNU ld
configure:3894: result: no
configure:3906: checking for BSD- or MS-compatible name lister (nm)
configure:3960: result: /usr/bin/nm -B
configure:4090: checking the name lister (/usr/bin/nm -B) interface
configure:4097: gcc -c -g -O2  conftest.c >&5
configure:4100: /usr/bin/nm -B "conftest.o"
configure:4103: output
0000000000000250 S _some_variable
configure:4110: result: BSD nm
configure:4113: checking whether ln -s works
configure:4117: result: yes
configure:4125: checking the maximum length of command line arguments
configure:4256: result: 196608
configure:4304: checking how to convert x86_64-apple-darwin19.6.0 file names to x86_64-apple-darwin19.6.0 format
configure:4344: result: func_convert_file_noop
configure:4351: checking how to convert x86_64-apple-darwin19.6.0 file names to toolchain format
configure:4371: result: func_convert_file_noop
configure:4378: checking for /Applications/Xcode.app/Contents/Developer/Toolchains/XcodeDefault.xctoolchain/usr/bin/ld option to reload object files
configure:4385: result: -r
configure:4459: checking for objdump
configure:4475: found /usr/bin/objdump
configure:4486: result: objdump
configure:4518: checking how to recognize dependent libraries
configure:4718: result: pass_all
configure:4803: checking for dlltool
configure:4833: result: no
configure:4863: checking how to associate runtime and link libraries
configure:4890: result: printf %s\n
configure:4951: checking for ar
configure:4967: found /usr/bin/ar
configure:4978: result: ar
configure:5015: checking for archiver @FILE support
configure:5032: gcc -c -g -O2  conftest.c >&5
configure:5032: $? = 0
configure:5035: ar cru libconftest.a @conftest.lst >&5
ar: @conftest.lst: No such file or directory
configure:5038: $? = 1
configure:5058: result: no
configure:5116: checking for strip
configure:5132: found /usr/bin/strip
configure:5143: result: strip
configure:5215: checking for ranlib
configure:5231: found /usr/bin/ranlib
configure:5242: result: ranlib
configure:5319: checking for gawk
configure:5349: result: no
configure:5319: checking for mawk
configure:5349: result: no
configure:5319: checking for nawk
configure:5349: result: no
configure:5319: checking for awk
configure:5335: found /usr/bin/awk
configure:5346: result: awk
configure:5386: checking command to parse /usr/bin/nm -B output from gcc object
configure:5539: gcc -c -g -O2  conftest.c >&5
configure:5542: $? = 0
configure:5546: /usr/bin/nm -B conftest.o \| sed -n -e 's/^.*[ ]\([BCDEGRST][BCDEGRST]*\)[ ][ ]*\([_A-Za-z][_A-Za-z0-9]*\)$/\1 \2 \2/p' | sed '/ __gnu_lto/d' \> conftest.nm
configure:5549: $? = 0
cannot find nm_test_var in conftest.nm
configure:5539: gcc -c -g -O2  conftest.c >&5
configure:5542: $? = 0
configure:5546: /usr/bin/nm -B conftest.o \| sed -n -e 's/^.*[ ]\([BCDEGRST][BCDEGRST]*\)[ ][ ]*_\([_A-Za-z][_A-Za-z0-9]*\)$/\1 _\2 \2/p' | sed '/ __gnu_lto/d' \> conftest.nm
configure:5549: $? = 0
configure:5615: gcc -o conftest -g -O2   conftest.c conftstm.o >&5
warning: (x86_64)  could not find object file symbol for symbol _main
configure:5618: $? = 0
configure:5656: result: ok
configure:5703: checking for sysroot
configure:5733: result: no
configure:5740: checking for a working dd
configure:5778: result: /bin/dd
configure:5782: checking how to truncate binary pipes
configure:5797: result: /bin/dd bs=4096 count=1
configure:6126: checking for mt
configure:6156: result: no
configure:6176: checking if : is a manifest tool
configure:6182: : '-?'
configure:6190: result: no
configure:6246: checking for dsymutil
configure:6262: found /usr/bin/dsymutil
configure:6273: result: dsymutil
configure:6338: checking for nmedit
configure:6354: found /usr/bin/nmedit
configure:6365: result: nmedit
configure:6430: checking for lipo
configure:6446: found /usr/bin/lipo
configure:6457: result: lipo
configure:6522: checking for otool
configure:6538: found /usr/bin/otool
configure:6549: result: otool
configure:6614: checking for otool64
configure:6644: result: no
configure:6689: checking for -single_module linker flag
gcc -g -O2  -o libconftest.dylib -dynamiclib -Wl,-single_module conftest.c
configure:6722: result: yes
configure:6725: checking for -exported_symbols_list linker flag
configure:6745: gcc -o conftest -g -O2   -Wl,-exported_symbols_list,conftest.sym conftest.c  >&5
configure:6745: $? = 0
configure:6755: result: yes
configure:6758: checking for -force_load linker flag
gcc -g -O2 -c -o conftest.o conftest.c
ar cru libconftest.a conftest.o
ranlib libconftest.a
gcc -g -O2  -o conftest conftest.c -Wl,-force_load,./libconftest.a
configure:6790: result: yes
configure:6867: checking how to run the C preprocessor
configure:6898: gcc -E  conftest.c
configure:6898: $? = 0
configure:6912: gcc -E  conftest.c
conftest.c:9:10: fatal error: 'ac_nonexistent.h' file not found
#include <ac_nonexistent.h>
         ^~~~~~~~~~~~~~~~~~
1 error generated.
configure:6912: $? = 1
configure: failed program was:
| /* confdefs.h */
| #define PACKAGE_NAME "elips"
| #define PACKAGE_TARNAME "elips"
| #define PACKAGE_VERSION "1.0.14"
| #define PACKAGE_STRING "elips 1.0.14"
| #define PACKAGE_BUGREPORT ""
| #define PACKAGE_URL ""
| /* end confdefs.h.  */
| #include <ac_nonexistent.h>
configure:6937: result: gcc -E
configure:6957: gcc -E  conftest.c
configure:6957: $? = 0
configure:6971: gcc -E  conftest.c
conftest.c:9:10: fatal error: 'ac_nonexistent.h' file not found
#include <ac_nonexistent.h>
         ^~~~~~~~~~~~~~~~~~
1 error generated.
configure:6971: $? = 1
configure: failed program was:
| /* confdefs.h */
| #define PACKAGE_NAME "elips"
| #define PACKAGE_TARNAME "elips"
| #define PACKAGE_VERSION "1.0.14"
| #define PACKAGE_STRING "elips 1.0.14"
| #define PACKAGE_BUGREPORT ""
| #define PACKAGE_URL ""
| /* end confdefs.h.  */
| #include <ac_nonexistent.h>
configure:7000: checking for ANSI C header files
configure:7020: gcc -c -g -O2  conftest.c >&5
configure:7020: $? = 0
configure:7093: gcc -o conftest -g -O2   conftest.c  >&5
configure:7093: $? = 0
configure:7093: ./conftest
configure:7093: $? = 0
configure:7104: result: yes
configure:7117: checking for sys/types.h
configure:7117: gcc -c -g -O2  conftest.c >&5
configure:7117: $? = 0
configure:7117: result: yes
configure:7117: checking for sys/stat.h
configure:7117: gcc -c -g -O2  conftest.c >&5
configure:7117: $? = 0
configure:7117: result: yes
configure:7117: checking for stdlib.h
configure:7117: gcc -c -g -O2  conftest.c >&5
configure:7117: $? = 0
configure:7117: result: yes
configure:7117: checking for string.h
configure:7117: gcc -c -g -O2  conftest.c >&5
configure:7117: $? = 0
configure:7117: result: yes
configure:7117: checking for memory.h
configure:7117: gcc -c -g -O2  conftest.c >&5
configure:7117: $? = 0
configure:7117: result: yes
configure:7117: checking for strings.h
configure:7117: gcc -c -g -O2  conftest.c >&5
configure:7117: $? = 0
configure:7117: result: yes
configure:7117: checking for inttypes.h
configure:7117: gcc -c -g -O2  conftest.c >&5
configure:7117: $? = 0
configure:7117: result: yes
configure:7117: checking for stdint.h
configure:7117: gcc -c -g -O2  conftest.c >&5
configure:7117: $? = 0
configure:7117: result: yes
configure:7117: checking for unistd.h
configure:7117: gcc -c -g -O2  conftest.c >&5
configure:7117: $? = 0
configure:7117: result: yes
configure:7131: checking for dlfcn.h
configure:7131: gcc -c -g -O2  conftest.c >&5
configure:7131: $? = 0
configure:7131: result: yes
configure:7387: checking for objdir
configure:7402: result: .libs
configure:7666: checking if gcc supports -fno-rtti -fno-exceptions
configure:7684: gcc -c -g -O2  -fno-rtti -fno-exceptions conftest.c >&5
configure:7688: $? = 0
configure:7701: result: yes
configure:8059: checking for gcc option to produce PIC
configure:8066: result: -fno-common -DPIC
configure:8074: checking if gcc PIC flag -fno-common -DPIC works
configure:8092: gcc -c -g -O2  -fno-common -DPIC -DPIC conftest.c >&5
configure:8096: $? = 0
configure:8109: result: yes
configure:8138: checking if gcc static flag -static works
configure:8166: result: no
configure:8181: checking if gcc supports -c -o file.o
configure:8202: gcc -c -g -O2  -o out/conftest2.o conftest.c >&5
configure:8206: $? = 0
configure:8228: result: yes
configure:8236: checking if gcc supports -c -o file.o
configure:8283: result: yes
configure:8316: checking whether the gcc linker (/Applications/Xcode.app/Contents/Developer/Toolchains/XcodeDefault.xctoolchain/usr/bin/ld) supports shared libraries
configure:9579: result: yes
configure:9819: checking dynamic linker characteristics
configure:10649: result: darwin19.6.0 dyld
configure:10771: checking how to hardcode library paths into programs
configure:10796: result: immediate
configure:11344: checking whether stripping libraries is possible
configure:11358: result: yes
configure:11384: checking if libtool supports shared libraries
configure:11386: result: yes
configure:11389: checking whether to build shared libraries
configure:11414: result: yes
configure:11417: checking whether to build static libraries
configure:11421: result: yes
configure:11476: checking for a BSD-compatible install
configure:11544: result: /usr/bin/install -c
configure:11555: checking whether build environment is sane
configure:11610: result: yes
configure:11758: checking for a thread-safe mkdir -p
configure:11797: result: ./install-sh -c -d
configure:11800: checking whether make sets $(MAKE)
configure:11822: result: yes
configure:11844: checking whether make supports the include directive
configure:11859: make -f confmf.GNU && cat confinc.out
this is the am__doit target
configure:11862: $? = 0
configure:11881: result: yes (GNU style)
configure:11914: checking whether make supports nested variables
configure:11931: result: yes
configure:12016: checking dependency style of gcc
configure:12127: result: gcc3
configure:12236: checking for gcc
configure:12263: result: gcc
configure:12492: checking for C compiler version
configure:12501: gcc --version >&5
Apple clang version 12.0.0 (clang-1200.0.32.2)
Target: x86_64-apple-darwin19.6.0
Thread model: posix
InstalledDir: /Applications/Xcode.app/Contents/Developer/Toolchains/XcodeDefault.xctoolchain/usr/bin
Configured with: --prefix=/Applications/Xcode.app/Contents/Developer/usr --with-gxx-include-dir=/Applications/Xcode.app/Contents/Developer/Platforms/MacOSX.platform/Developer/SDKs/MacOSX.sdk/usr/include/c++/4.2.1
configure:12512: $? = 0
configure:12501: gcc -v >&5
Configured with: --prefix=/Applications/Xcode.app/Contents/Developer/usr --with-gxx-include-dir=/Applications/Xcode.app/Contents/Developer/Platforms/MacOSX.platform/Developer/SDKs/MacOSX.sdk/usr/include/c++/4.2.1
Apple clang version 12.0.0 (clang-1200.0.32.2)
Target: x86_64-apple-darwin19.6.0
Thread model: posix
InstalledDir: /Applications/Xcode.app/Contents/Developer/Toolchains/XcodeDefault.xctoolchain/usr/bin
configure:12512: $? = 0
configure:12501: gcc -V >&5
clang: error: argument to '-V' is missing (expected 1 value)
clang: error: no input files
configure:12512: $? = 1
configure:12501: gcc -qversion >&5
clang: error: unknown argument '-qversion'; did you mean '--version'?
clang: error: no input files
configure:12512: $? = 1
configure:12516: checking whether we are using the GNU C compiler
configure:12544: result: yes
configure:12553: checking whether gcc accepts -g
configure:12614: result: yes
configure:12631: checking for gcc option to accept ISO C89
configure:12707: result: none needed
configure:12732: checking whether gcc understands -c and -o together
configure:12769: result: yes
configure:12788: checking whether ln -s works
configure:12792: result: yes
configure:12799: checking whether make sets $(MAKE)
configure:12821: result: yes
configure:12835: checking for ANSI C header files
configure:12939: result: yes
configure:12950: checking for stdlib.h
configure:12950: result: yes
configure:12950: checking for string.h
configure:12950: result: yes
configure:12950: checking sys/time.h usability
configure:12950: gcc -c -g -O2  conftest.c >&5
configure:12950: $? = 0
configure:12950: result: yes
configure:12950: checking sys/time.h presence
configure:12950: gcc -E  conftest.c
configure:12950: $? = 0
configure:12950: result: yes
configure:12950: checking for sys/time.h
configure:12950: result: yes
configure:12950: checking for unistd.h
configure:12950: result: yes
configure:12962: checking for an ANSI C-conforming const
configure:13028: gcc -c -g -O2  conftest.c >&5
configure:13028: $? = 0
configure:13035: result: yes
configure:13043: checking for size_t
configure:13043: gcc -c -g -O2  conftest.c >&5
configure:13043: $? = 0
configure:13043: gcc -c -g -O2  conftest.c >&5
conftest.c:64:21: error: expected expression
if (sizeof ((size_t)))
                    ^
1 error generated.
configure:13043: $? = 1
configure: failed program was:
| /* confdefs.h */
| #define PACKAGE_NAME "elips"
| #define PACKAGE_TARNAME "elips"
| #define PACKAGE_VERSION "1.0.14"
| #define PACKAGE_STRING "elips 1.0.14"
| #define PACKAGE_BUGREPORT ""
| #define PACKAGE_URL ""
| #define STDC_HEADERS 1
| #define HAVE_SYS_TYPES_H 1
| #define HAVE_SYS_STAT_H 1
| #define HAVE_STDLIB_H 1
| #define HAVE_STRING_H 1
| #define HAVE_MEMORY_H 1
| #define HAVE_STRINGS_H 1
| #define HAVE_INTTYPES_H 1
| #define HAVE_STDINT_H 1
| #define HAVE_UNISTD_H 1
| #define HAVE_DLFCN_H 1
| #define LT_OBJDIR ".libs/"
| #define PACKAGE "elips"
| #define VERSION "1.0.14"
| #define STDC_HEADERS 1
| #define HAVE_STDLIB_H 1
| #define HAVE_STRING_H 1
| #define HAVE_SYS_TIME_H 1
| #define HAVE_UNISTD_H 1
| /* end confdefs.h.  */
| #include <stdio.h>
| #ifdef HAVE_SYS_TYPES_H
| # include <sys/types.h>
| #endif
| #ifdef HAVE_SYS_STAT_H
| # include <sys/stat.h>
| #endif
| #ifdef STDC_HEADERS
| # include <stdlib.h>
| # include <stddef.h>
| #else
| # ifdef HAVE_STDLIB_H
| #  include <stdlib.h>
| # endif
| #endif
| #ifdef HAVE_STRING_H
| # if !defined STDC_HEADERS && defined HAVE_MEMORY_H
| #  include <memory.h>
| # endif
| # include <string.h>
| #endif
| #ifdef HAVE_STRINGS_H
| # include <strings.h>
| #endif
| #ifdef HAVE_INTTYPES_H
| # include <inttypes.h>
| #endif
| #ifdef HAVE_STDINT_H
| # include <stdint.h>
| #endif
| #ifdef HAVE_UNISTD_H
| # include <unistd.h>
| #endif
| int
| main ()
| {
| if (sizeof ((size_t)))
| 	    return 0;
|   ;
|   return 0;
| }
configure:13043: result: yes
configure:13058: checking size of char
configure:13063: gcc -o conftest -g -O2   conftest.c  >&5
configure:13063: $? = 0
configure:13063: ./conftest
configure:13063: $? = 0
configure:13077: result: 1
configure:13091: checking size of short int
configure:13096: gcc -o conftest -g -O2   conftest.c  >&5
configure:13096: $? = 0
configure:13096: ./conftest
configure:13096: $? = 0
configure:13110: result: 2
configure:13124: checking size of int
configure:13129: gcc -o conftest -g -O2   conftest.c  >&5
configure:13129: $? = 0
configure:13129: ./conftest
configure:13129: $? = 0
configure:13143: result: 4
configure:13157: checking size of long
configure:13162: gcc -o conftest -g -O2   conftest.c  >&5
configure:13162: $? = 0
configure:13162: ./conftest
configure:13162: $? = 0
configure:13176: result: 8
configure:13190: checking size of long long
configure:13195: gcc -o conftest -g -O2   conftest.c  >&5
configure:13195: $? = 0
configure:13195: ./conftest
configure:13195: $? = 0
configure:13209: result: 8
configure:13223: checking for stdlib.h
configure:13223: result: yes
configure:13233: checking for GNU libc compatible malloc
configure:13257: gcc -o conftest -g -O2   conftest.c  >&5
configure:13257: $? = 0
configure:13257: ./conftest
configure:13257: $? = 0
configure:13267: result: yes
configure:13288: checking for __gmpz_add in -lgmp
configure:13313: gcc -o conftest -g -O2   conftest.c -lgmp   >&5
configure:13313: $? = 0
configure:13322: result: yes
configure:13336: checking for gettimeofday
configure:13336: gcc -o conftest -g -O2   conftest.c -lgmp  >&5
configure:13336: $? = 0
configure:13336: result: yes
configure:13336: checking for memmove
configure:13336: gcc -o conftest -g -O2   conftest.c -lgmp  >&5
conftest.c:60:6: warning: incompatible redeclaration of library function 'memmove' [-Wincompatible-library-redeclaration]
char memmove ();
     ^
conftest.c:60:6: note: 'memmove' is a builtin with type 'void *(void *, const void *, unsigned long)'
1 warning generated.
configure:13336: $? = 0
configure:13336: result: yes
configure:13336: checking for memset
configure:13336: gcc -o conftest -g -O2   conftest.c -lgmp  >&5
conftest.c:61:6: warning: incompatible redeclaration of library function 'memset' [-Wincompatible-library-redeclaration]
char memset ();
     ^
conftest.c:61:6: note: 'memset' is a builtin with type 'void *(void *, int, unsigned long)'
1 warning generated.
configure:13336: $? = 0
configure:13336: result: yes
configure:13336: checking for strtol
configure:13336: gcc -o conftest -g -O2   conftest.c -lgmp  >&5
conftest.c:62:6: warning: incompatible redeclaration of library function 'strtol' [-Wincompatible-library-redeclaration]
char strtol ();
     ^
conftest.c:62:6: note: 'strtol' is a builtin with type 'long (const char *, char **, int)'
1 warning generated.
configure:13336: $? = 0
configure:13336: result: yes
configure:13457: checking that generated files are newer than configure
configure:13463: result: done
configure:13486: creating ./config.status

## ---------------------- ##
## Running config.status. ##
## ---------------------- ##

This file was extended by elips config.status 1.0.14, which was
generated by GNU Autoconf 2.69.  Invocation command line was

  CONFIG_FILES    = 
  CONFIG_HEADERS  = 
  CONFIG_LINKS    = 
  CONFIG_COMMANDS = 
  $ ./config.status 

on TakahashinoiMac.local

config.status:1100: creating Makefile
config.status:1100: creating src/Makefile
config.status:1100: creating src/bls12/Makefile
config.status:1100: creating src/bn12/Makefile
config.status:1100: creating config.h
config.status:1281: config.h is unchanged
config.status:1329: executing libtool commands
config.status:1329: executing depfiles commands
config.status:1949: cd src       && sed -e '/# am--include-marker/d' Makefile         | make -f - am--depfiles
config.status:1954: $? = 0
config.status:1949: cd src/bls12       && sed -e '/# am--include-marker/d' Makefile         | make -f - am--depfiles
make: Nothing to be done for `am--depfiles'.
config.status:1954: $? = 0
config.status:1949: cd src/bn12       && sed -e '/# am--include-marker/d' Makefile         | make -f - am--depfiles
make: Nothing to be done for `am--depfiles'.
config.status:1954: $? = 0

## ---------------- ##
## Cache variables. ##
## ---------------- ##

ac_cv_build=x86_64-apple-darwin19.6.0
ac_cv_c_compiler_gnu=yes
ac_cv_c_const=yes
ac_cv_env_CC_set=
ac_cv_env_CC_value=
ac_cv_env_CFLAGS_set=
ac_cv_env_CFLAGS_value=
ac_cv_env_CPPFLAGS_set=
ac_cv_env_CPPFLAGS_value=
ac_cv_env_CPP_set=
ac_cv_env_CPP_value=
ac_cv_env_LDFLAGS_set=
ac_cv_env_LDFLAGS_value=
ac_cv_env_LIBS_set=
ac_cv_env_LIBS_value=
ac_cv_env_LT_SYS_LIBRARY_PATH_set=
ac_cv_env_LT_SYS_LIBRARY_PATH_value=
ac_cv_env_build_alias_set=
ac_cv_env_build_alias_value=
ac_cv_env_host_alias_set=
ac_cv_env_host_alias_value=
ac_cv_env_target_alias_set=
ac_cv_env_target_alias_value=
ac_cv_func_gettimeofday=yes
ac_cv_func_malloc_0_nonnull=yes
ac_cv_func_memmove=yes
ac_cv_func_memset=yes
ac_cv_func_strtol=yes
ac_cv_header_dlfcn_h=yes
ac_cv_header_inttypes_h=yes
ac_cv_header_memory_h=yes
ac_cv_header_stdc=yes
ac_cv_header_stdint_h=yes
ac_cv_header_stdlib_h=yes
ac_cv_header_string_h=yes
ac_cv_header_strings_h=yes
ac_cv_header_sys_stat_h=yes
ac_cv_header_sys_time_h=yes
ac_cv_header_sys_types_h=yes
ac_cv_header_unistd_h=yes
ac_cv_host=x86_64-apple-darwin19.6.0
ac_cv_lib_gmp___gmpz_add=yes
ac_cv_objext=o
ac_cv_path_EGREP='/usr/bin/grep -E'
ac_cv_path_FGREP='/usr/bin/grep -F'
ac_cv_path_GREP=/usr/bin/grep
ac_cv_path_SED=/usr/bin/sed
ac_cv_path_install='/usr/bin/install -c'
ac_cv_path_lt_DD=/bin/dd
ac_cv_prog_AWK=awk
ac_cv_prog_CPP='gcc -E'
ac_cv_prog_ac_ct_AR=ar
ac_cv_prog_ac_ct_CC=gcc
ac_cv_prog_ac_ct_DSYMUTIL=dsymutil
ac_cv_prog_ac_ct_LIPO=lipo
ac_cv_prog_ac_ct_NMEDIT=nmedit
ac_cv_prog_ac_ct_OBJDUMP=objdump
ac_cv_prog_ac_ct_OTOOL=otool
ac_cv_prog_ac_ct_RANLIB=ranlib
ac_cv_prog_ac_ct_STRIP=strip
ac_cv_prog_cc_c89=
ac_cv_prog_cc_g=yes
ac_cv_prog_make_make_set=yes
ac_cv_sizeof_char=1
ac_cv_sizeof_int=4
ac_cv_sizeof_long=8
ac_cv_sizeof_long_long=8
ac_cv_sizeof_short_int=2
ac_cv_type_size_t=yes
am_cv_CC_dependencies_compiler_type=gcc3
am_cv_make_support_nested_variables=yes
am_cv_prog_cc_c_o=yes
lt_cv_apple_cc_single_mod=yes
lt_cv_ar_at_file=no
lt_cv_deplibs_check_method=pass_all
lt_cv_file_magic_cmd='$MAGIC_CMD'
lt_cv_file_magic_test_file=
lt_cv_ld_exported_symbols_list=yes
lt_cv_ld_force_load=yes
lt_cv_ld_reload_flag=-r
lt_cv_nm_interface='BSD nm'
lt_cv_objdir=.libs
lt_cv_path_LD=/Applications/Xcode.app/Contents/Developer/Toolchains/XcodeDefault.xctoolchain/usr/bin/ld
lt_cv_path_NM='/usr/bin/nm -B'
lt_cv_path_mainfest_tool=no
lt_cv_prog_compiler_c_o=yes
lt_cv_prog_compiler_pic='-fno-common -DPIC'
lt_cv_prog_compiler_pic_works=yes
lt_cv_prog_compiler_rtti_exceptions=yes
lt_cv_prog_compiler_static_works=no
lt_cv_prog_gnu_ld=no
lt_cv_sharedlib_from_linklib_cmd='printf %s\n'
lt_cv_sys_global_symbol_pipe='sed -n -e '\''s/^.*[	 ]\([BCDEGRST][BCDEGRST]*\)[	 ][	 ]*_\([_A-Za-z][_A-Za-z0-9]*\)$/\1 _\2 \2/p'\'' | sed '\''/ __gnu_lto/d'\'''
lt_cv_sys_global_symbol_to_c_name_address='sed -n -e '\''s/^: \(.*\) .*$/  {"\1", (void *) 0},/p'\'' -e '\''s/^[BCDEGRST][BCDEGRST]* .* \(.*\)$/  {"\1", (void *) \&\1},/p'\'''
lt_cv_sys_global_symbol_to_c_name_address_lib_prefix='sed -n -e '\''s/^: \(.*\) .*$/  {"\1", (void *) 0},/p'\'' -e '\''s/^[BCDEGRST][BCDEGRST]* .* \(lib.*\)$/  {"\1", (void *) \&\1},/p'\'' -e '\''s/^[BCDEGRST][BCDEGRST]* .* \(.*\)$/  {"lib\1", (void *) \&\1},/p'\'''
lt_cv_sys_global_symbol_to_cdecl='sed -n -e '\''s/^T .* \(.*\)$/extern int \1();/p'\'' -e '\''s/^[BCDEGRST][BCDEGRST]* .* \(.*\)$/extern char \1;/p'\'''
lt_cv_sys_global_symbol_to_import=
lt_cv_sys_max_cmd_len=196608
lt_cv_to_host_file_cmd=func_convert_file_noop
lt_cv_to_tool_file_cmd=func_convert_file_noop
lt_cv_truncate_bin='/bin/dd bs=4096 count=1'

## ----------------- ##
## Output variables. ##
## ----------------- ##

ACLOCAL='${SHELL} /Users/takahashi/Desktop/ELiPS_bitbucket/missing aclocal-1.16'
AMDEPBACKSLASH='\'
AMDEP_FALSE='#'
AMDEP_TRUE=''
AMTAR='$${TAR-tar}'
AM_BACKSLASH='\'
AM_DEFAULT_V='$(AM_DEFAULT_VERBOSITY)'
AM_DEFAULT_VERBOSITY='1'
AM_V='$(V)'
AR='ar'
AUTOCONF='${SHELL} /Users/takahashi/Desktop/ELiPS_bitbucket/missing autoconf'
AUTOHEADER='${SHELL} /Users/takahashi/Desktop/ELiPS_bitbucket/missing autoheader'
AUTOMAKE='${SHELL} /Users/takahashi/Desktop/ELiPS_bitbucket/missing automake-1.16'
AWK='awk'
CC='gcc'
CCDEPMODE='depmode=gcc3'
CFLAGS='-g -O2'
CPP='gcc -E'
CPPFLAGS=''
CYGPATH_W='echo'
DEFS='-DHAVE_CONFIG_H'
DEPDIR='.deps'
DLLTOOL='false'
DSYMUTIL='dsymutil'
DUMPBIN=''
ECHO_C='\c'
ECHO_N=''
ECHO_T=''
EGREP='/usr/bin/grep -E'
EXEEXT=''
FGREP='/usr/bin/grep -F'
GREP='/usr/bin/grep'
INSTALL_DATA='${INSTALL} -m 644'
INSTALL_PROGRAM='${INSTALL}'
INSTALL_SCRIPT='${INSTALL}'
INSTALL_STRIP_PROGRAM='$(install_sh) -c -s'
LD='/Applications/Xcode.app/Contents/Developer/Toolchains/XcodeDefault.xctoolchain/usr/bin/ld'
LDFLAGS=''
LIBOBJS=''
LIBS='-lgmp '
LIBTOOL='$(SHELL) $(top_builddir)/libtool'
LIPO='lipo'
LN_S='ln -s'
LTLIBOBJS=''
LT_SYS_LIBRARY_PATH=''
MAKEINFO='${SHELL} /Users/takahashi/Desktop/ELiPS_bitbucket/missing makeinfo'
MANIFEST_TOOL=':'
MKDIR_P='./install-sh -c -d'
NM='/usr/bin/nm -B'
NMEDIT='nmedit'
OBJDUMP='objdump'
OBJEXT='o'
OTOOL64=':'
OTOOL='otool'
PACKAGE='elips'
PACKAGE_BUGREPORT=''
PACKAGE_NAME='elips'
PACKAGE_STRING='elips 1.0.14'
PACKAGE_TARNAME='elips'
PACKAGE_URL=''
PACKAGE_VERSION='1.0.14'
PATH_SEPARATOR=':'
RANLIB='ranlib'
SED='/usr/bin/sed'
SET_MAKE=''
SHELL='/bin/sh'
STRIP='strip'
VERSION='1.0.14'
ac_ct_AR='ar'
ac_ct_CC='gcc'
ac_ct_DUMPBIN=''
am__EXEEXT_FALSE=''
am__EXEEXT_TRUE='#'
am__fastdepCC_FALSE='#'
am__fastdepCC_TRUE=''
am__include='include'
am__isrc=''
am__leading_dot='.'
am__nodep='_no'
am__quote=''
am__tar='$${TAR-tar} chof - "$$tardir"'
am__untar='$${TAR-tar} xf -'
bindir='${exec_prefix}/bin'
build='x86_64-apple-darwin19.6.0'
build_alias=''
build_cpu='x86_64'
build_os='darwin19.6.0'
build_vendor='apple'
datadir='${datarootdir}'
datarootdir='${prefix}/share'
docdir='${datarootdir}/doc/${PACKAGE_TARNAME}'
dvidir='${docdir}'
exec_prefix='${prefix}'
host='x86_64-apple-darwin19.6.0'
host_alias=''
host_cpu='x86_64'
host_os='darwin19.6.0'
host_vendor='apple'
htmldir='${docdir}'
includedir='${prefix}/include'
infodir='${datarootdir}/info'
install_sh='${SHELL} /Users/takahashi/Desktop/ELiPS_bitbucket/install-sh'
libdir='${exec_prefix}/lib'
libexecdir='${exec_prefix}/libexec'
localedir='${datarootdir}/locale'
localstatedir='${prefix}/var'
mandir='${datarootdir}/man'
mkdir_p='$(MKDIR_P)'
oldincludedir='/usr/include'
pdfdir='${docdir}'
prefix='/usr/local'
program_transform_name='s,x,x,'
psdir='${docdir}'
sbindir='${exec_prefix}/sbin'
sharedstatedir='${prefix}/com'
sysconfdir='${prefix}/etc'
target_alias=''

## ----------- ##
## confdefs.h. ##
## ----------- ##

/* confdefs.h */
#define PACKAGE_NAME "elips"
#define PACKAGE_TARNAME "elips"
#define PACKAGE_VERSION "1.0.14"
#define PACKAGE_STRING "elips 1.0.14"
#define PACKAGE_BUGREPORT ""
#define PACKAGE_URL ""
#define STDC_HEADERS 1
#define HAVE_SYS_TYPES_H 1
#define HAVE_SYS_STAT_H 1
#define HAVE_STDLIB_H 1
#define HAVE_STRING_H 1
#define HAVE_MEMORY_H 1
#define HAVE_STRINGS_H 1
#define HAVE_INTTYPES_H 1
#define HAVE_STDINT_H 1
#define HAVE_UNISTD_H 1
#define HAVE_DLFCN_H 1
#define LT_OBJDIR ".libs/"
#define PACKAGE "elips"
#define VERSION "1.0.14"
#define STDC_HEADERS 1
#define HAVE_STDLIB_H 1
#define HAVE_STRING_H 1
#define HAVE_SYS_TIME_H 1
#define HAVE_UNISTD_H 1
#define SIZEOF_CHAR 1
#define SIZEOF_SHORT_INT 2
#define SIZEOF_INT 4
#define SIZEOF_LONG 8
#define SIZEOF_LONG_LONG 8
#define HAVE_STDLIB_H 1
#define HAVE_MALLOC 1
#define HAVE_LIBGMP 1
#define HAVE_GETTIMEOFDAY 1
#define HAVE_MEMMOVE 1
#define HAVE_MEMSET 1
#define HAVE_STRTOL 1

configure: exit 0

## ---------------------- ##
## Running config.status. ##
## ---------------------- ##

This file was extended by elips config.status 1.0.14, which was
generated by GNU Autoconf 2.69.  Invocation command line was

  CONFIG_FILES    = 
  CONFIG_HEADERS  = 
  CONFIG_LINKS    = 
  CONFIG_COMMANDS = 
  $ ./config.status config.h

on TakahashinoiMac.local

config.status:1100: creating config.h
config.status:1281: config.h is unchanged
